<?xml version="1.0" encoding="UTF-8"?>
<testng-results ignored="0" total="1" passed="1" failed="0" skipped="0">
  <reporter-output>
  </reporter-output>
  <suite started-at="2024-06-19T11:50:31 IST" name="Suite" finished-at="2024-06-19T11:53:45 IST" duration-ms="194086">
    <groups>
    </groups>
    <test started-at="2024-06-19T11:50:31 IST" name="Test" finished-at="2024-06-19T11:53:45 IST" duration-ms="194086">
      <class name="testng_GoldRates_Tests.TestClass">
        <test-method is-config="true" signature="setUp()[pri:0, instance:testng_GoldRates_Tests.TestClass@3646a422]" started-at="2024-06-19T11:50:31 IST" name="setUp" finished-at="2024-06-19T11:51:05 IST" duration-ms="34484" status="PASS">
          <reporter-output>
          </reporter-output>
        </test-method> <!-- setUp -->
        <test-method signature="extractGoldRatesToExcel()[pri:0, instance:testng_GoldRates_Tests.TestClass@3646a422]" started-at="2024-06-19T11:51:05 IST" name="extractGoldRatesToExcel" finished-at="2024-06-19T11:53:42 IST" duration-ms="156580" status="PASS">
          <reporter-output>
          </reporter-output>
        </test-method> <!-- extractGoldRatesToExcel -->
        <test-method is-config="true" signature="tearDown()[pri:0, instance:testng_GoldRates_Tests.TestClass@3646a422]" started-at="2024-06-19T11:53:42 IST" name="tearDown" finished-at="2024-06-19T11:53:45 IST" duration-ms="2880" status="PASS">
          <reporter-output>
          </reporter-output>
        </test-method> <!-- tearDown -->
      </class> <!-- testng_GoldRates_Tests.TestClass -->
    </test> <!-- Test -->
  </suite> <!-- Suite -->
</testng-results>
