<?xml version="1.0" encoding="UTF-8"?>
<testng-results ignored="0" total="1" passed="1" failed="0" skipped="0">
  <reporter-output>
  </reporter-output>
  <suite started-at="2024-06-11T17:31:13 IST" name="Suite" finished-at="2024-06-11T17:33:56 IST" duration-ms="163008">
    <groups>
    </groups>
    <test started-at="2024-06-11T17:31:13 IST" name="Test" finished-at="2024-06-11T17:33:56 IST" duration-ms="163008">
      <class name="testng_GoldRates_Tests.TestClass">
        <test-method is-config="true" signature="setUp()[pri:0, instance:testng_GoldRates_Tests.TestClass@3646a422]" started-at="2024-06-11T17:31:13 IST" name="setUp" finished-at="2024-06-11T17:31:32 IST" duration-ms="18819" status="PASS">
          <reporter-output>
          </reporter-output>
        </test-method> <!-- setUp -->
        <test-method signature="extractGoldRatesToExcel()[pri:0, instance:testng_GoldRates_Tests.TestClass@3646a422]" started-at="2024-06-11T17:31:32 IST" name="extractGoldRatesToExcel" finished-at="2024-06-11T17:33:52 IST" duration-ms="140249" status="PASS">
          <reporter-output>
          </reporter-output>
        </test-method> <!-- extractGoldRatesToExcel -->
        <test-method is-config="true" signature="tearDown()[pri:0, instance:testng_GoldRates_Tests.TestClass@3646a422]" started-at="2024-06-11T17:33:52 IST" name="tearDown" finished-at="2024-06-11T17:33:56 IST" duration-ms="3848" status="PASS">
          <reporter-output>
          </reporter-output>
        </test-method> <!-- tearDown -->
      </class> <!-- testng_GoldRates_Tests.TestClass -->
    </test> <!-- Test -->
  </suite> <!-- Suite -->
</testng-results>
