<?xml version="1.0" encoding="UTF-8"?>
<testng-results ignored="0" total="1" passed="1" failed="0" skipped="0">
  <reporter-output>
  </reporter-output>
  <suite started-at="2024-06-18T21:00:01 IST" name="Suite" finished-at="2024-06-18T21:00:35 IST" duration-ms="34349">
    <groups>
    </groups>
    <test started-at="2024-06-18T21:00:01 IST" name="Test" finished-at="2024-06-18T21:00:35 IST" duration-ms="34349">
      <class name="loginFunctionality.Login_BothCorrect">
        <test-method signature="BothCorrect(java.lang.String,java.lang.String)[pri:0, instance:loginFunctionality.Login_BothCorrect@55634720]" started-at="2024-06-18T21:00:01 IST" name="BothCorrect" data-provider="logindata" finished-at="2024-06-18T21:00:35 IST" duration-ms="34282" status="PASS">
          <params>
            <param index="0">
              <value>
                <![CDATA[Admin]]>
              </value>
            </param>
            <param index="1">
              <value>
                <![CDATA[admin123]]>
              </value>
            </param>
          </params>
          <reporter-output>
          </reporter-output>
        </test-method> <!-- BothCorrect -->
      </class> <!-- loginFunctionality.Login_BothCorrect -->
    </test> <!-- Test -->
  </suite> <!-- Suite -->
</testng-results>
